<?xml version="1.0" encoding="UTF-8"?>
<!-- Generated by org.testng.reporters.JUnitReportReporter -->
<testsuite skipped="0" hostname="EPINPUNW011C" name="DesignPatterns.NewClass" tests="3" failures="0" timestamp="2023-05-16T13:29:49 IST" time="13.064" errors="0">
  <testcase name="abc" time="4.962" classname="DesignPatterns.NewClass"/>
  <system-out/>
  <testcase name="abc2" time="4.348" classname="DesignPatterns.NewClass"/>
  <system-out/>
  <testcase name="abc3" time="3.754" classname="DesignPatterns.NewClass"/>
  <system-out/>
</testsuite> <!-- DesignPatterns.NewClass -->
