<?xml version="1.0" encoding="UTF-8"?>
<!-- Generated by org.testng.reporters.JUnitReportReporter -->
<testsuite hostname="EPINPUNW011C" failures="0" tests="3" name="DesignPatterns.FactoryPattern.FactoryDesignTestCaseOne" time="14.359" errors="0" timestamp="2023-05-18T19:16:57 IST" skipped="0">
  <testcase classname="DesignPatterns.FactoryPattern.FactoryDesignTestCaseOne" name="verifyBStackDemoLogo" time="6.938"/>
  <system-out/>
  <testcase classname="DesignPatterns.FactoryPattern.FactoryDesignTestCaseOne" name="verifyBStackDemoAddToCart" time="2.863"/>
  <system-out/>
  <testcase classname="DesignPatterns.FactoryPattern.FactoryDesignTestCaseOne" name="verifyBStackDemoTitle" time="4.558"/>
  <system-out/>
</testsuite> <!-- DesignPatterns.FactoryPattern.FactoryDesignTestCaseOne -->
