<?xml version="1.0" encoding="UTF-8"?>
<!-- Generated by org.testng.reporters.JUnitReportReporter -->
<testsuite skipped="0" hostname="EPINPUNW011C" name="DesignPatterns.ParallelTesting" tests="3" failures="0" timestamp="2023-05-16T13:27:06 IST" time="19.875" errors="0">
  <testcase name="methodOne" time="9.264" classname="DesignPatterns.ParallelTesting"/>
  <system-out/>
  <testcase name="methodThree" time="5.407" classname="DesignPatterns.ParallelTesting"/>
  <system-out/>
  <testcase name="methodTwo" time="5.204" classname="DesignPatterns.ParallelTesting"/>
  <system-out/>
</testsuite> <!-- DesignPatterns.ParallelTesting -->
